2017-05-30 13:46:46,537 [Worker-289] INFO  o.e.m.c.i.p.ProjectConfigurationManager - Collecting project info '/pom.xml' /Users/rrazumov/mobile/NewsRoomMobile/mavenmobile/pom.xml
2017-05-30 13:46:47,307 [Worker-289] INFO  o.e.m.c.i.l.LifecycleMappingFactory - Using org.eclipse.m2e.jdt.JarLifecycleMapping lifecycle mapping for MavenProject: mavenmobile:mavenmobile:0.0.1-SNAPSHOT @ /Users/rrazumov/mobile/NewsRoomMobile/mavenmobile/pom.xml.
2017-05-30 13:46:47,650 [Worker-289] INFO  o.e.m.j.i.AbstractJavaProjectConfigurator - Adding source folder /mavenmobile/src/main/java
2017-05-30 13:46:47,651 [Worker-289] INFO  o.e.m.j.i.AbstractJavaProjectConfigurator - Adding source folder /mavenmobile/src/test/java
2017-05-30 13:46:47,697 [Worker-289] INFO  o.e.m.c.i.p.ProjectConfigurationManager - Imported and configured 1 project(s) in 1 sec
2017-05-30 13:46:47,877 [Worker-273] INFO  o.e.m.c.i.embedder.EclipseLogger - Using 'UTF-8' encoding to copy filtered resources.
2017-05-30 13:46:47,877 [Worker-273] INFO  o.e.m.c.i.embedder.EclipseLogger - skip non existing resourceDirectory /Users/rrazumov/mobile/NewsRoomMobile/mavenmobile/src/main/resources
2017-05-30 13:46:47,878 [Worker-273] INFO  o.e.m.c.i.embedder.EclipseLogger - Using 'UTF-8' encoding to copy filtered resources.
2017-05-30 13:46:47,878 [Worker-273] INFO  o.e.m.c.i.embedder.EclipseLogger - skip non existing resourceDirectory /Users/rrazumov/mobile/NewsRoomMobile/mavenmobile/src/test/resources
2017-05-30 13:55:07,070 [Worker-294] INFO  o.e.m.c.i.p.ProjectConfigurationManager - Collecting project info '/pom.xml' /Users/rrazumov/mobile/testmaven/pom.xml
2017-05-30 13:55:07,107 [Worker-294] INFO  o.e.m.c.i.l.LifecycleMappingFactory - Using org.eclipse.m2e.jdt.JarLifecycleMapping lifecycle mapping for MavenProject: testmaven:testmaven:0.0.1-SNAPSHOT @ /Users/rrazumov/mobile/testmaven/pom.xml.
2017-05-30 13:55:07,143 [Worker-294] INFO  o.e.m.j.i.AbstractJavaProjectConfigurator - Adding source folder /testmaven/src/main/java
2017-05-30 13:55:07,144 [Worker-294] INFO  o.e.m.j.i.AbstractJavaProjectConfigurator - Adding source folder /testmaven/src/test/java
2017-05-30 13:55:07,171 [Worker-294] INFO  o.e.m.c.i.p.ProjectConfigurationManager - Imported and configured 1 project(s) in 0 sec
2017-05-30 13:55:07,356 [Worker-294] INFO  o.e.m.c.i.embedder.EclipseLogger - Using 'UTF-8' encoding to copy filtered resources.
2017-05-30 13:55:07,356 [Worker-294] INFO  o.e.m.c.i.embedder.EclipseLogger - skip non existing resourceDirectory /Users/rrazumov/mobile/testmaven/src/main/resources
2017-05-30 13:55:07,357 [Worker-294] INFO  o.e.m.c.i.embedder.EclipseLogger - Using 'UTF-8' encoding to copy filtered resources.
2017-05-30 13:55:07,358 [Worker-294] INFO  o.e.m.c.i.embedder.EclipseLogger - skip non existing resourceDirectory /Users/rrazumov/mobile/testmaven/src/test/resources
2017-05-30 13:56:19,179 [Worker-294] INFO  o.e.m.c.i.p.ProjectConfigurationManager - Collecting project info '/pom.xml' /Users/rrazumov/mobile/NewsRoomMobile/maventest/pom.xml
2017-05-30 13:56:19,209 [Worker-294] INFO  o.e.m.c.i.l.LifecycleMappingFactory - Using org.eclipse.m2e.jdt.JarLifecycleMapping lifecycle mapping for MavenProject: maventest:maventest:0.0.1-SNAPSHOT @ /Users/rrazumov/mobile/NewsRoomMobile/maventest/pom.xml.
2017-05-30 13:56:19,243 [Worker-294] INFO  o.e.m.j.i.AbstractJavaProjectConfigurator - Adding source folder /maventest/src/main/java
2017-05-30 13:56:19,245 [Worker-294] INFO  o.e.m.j.i.AbstractJavaProjectConfigurator - Adding source folder /maventest/src/test/java
2017-05-30 13:56:19,265 [Worker-294] INFO  o.e.m.c.i.p.ProjectConfigurationManager - Imported and configured 1 project(s) in 0 sec
2017-05-30 13:56:19,399 [Worker-294] INFO  o.e.m.c.i.embedder.EclipseLogger - Using 'UTF-8' encoding to copy filtered resources.
2017-05-30 13:56:19,399 [Worker-294] INFO  o.e.m.c.i.embedder.EclipseLogger - skip non existing resourceDirectory /Users/rrazumov/mobile/NewsRoomMobile/maventest/src/main/resources
2017-05-30 13:56:19,399 [Worker-294] INFO  o.e.m.c.i.embedder.EclipseLogger - Using 'UTF-8' encoding to copy filtered resources.
2017-05-30 13:56:19,399 [Worker-294] INFO  o.e.m.c.i.embedder.EclipseLogger - skip non existing resourceDirectory /Users/rrazumov/mobile/NewsRoomMobile/maventest/src/test/resources
2017-05-30 14:02:42,846 [Worker-293] INFO  o.e.m.c.i.l.LifecycleMappingFactory - Using org.eclipse.m2e.jdt.JarLifecycleMapping lifecycle mapping for MavenProject: maventest:maventest:0.0.1-SNAPSHOT @ /Users/rrazumov/mobile/NewsRoomMobile/maventest/pom.xml.
2017-05-30 14:02:43,924 [Worker-289] INFO  o.e.m.c.i.e.AbstractTransferListenerAdapter - Downloading https://repo.maven.apache.org/maven2/org/seleniumhq/selenium/selenium-java/2.47.1/selenium-java-2.47.1.pom
2017-05-30 14:02:43,943 [Worker-289] INFO  o.e.m.c.i.e.AbstractTransferListenerAdapter - Downloaded https://repo.maven.apache.org/maven2/org/seleniumhq/selenium/selenium-java/2.47.1/selenium-java-2.47.1.pom
2017-05-30 14:02:43,963 [Worker-289] INFO  o.e.m.c.i.e.AbstractTransferListenerAdapter - Downloading https://repo.maven.apache.org/maven2/org/seleniumhq/selenium/selenium-parent/2.47.1/selenium-parent-2.47.1.pom
2017-05-30 14:02:43,984 [Worker-289] INFO  o.e.m.c.i.e.AbstractTransferListenerAdapter - Downloaded https://repo.maven.apache.org/maven2/org/seleniumhq/selenium/selenium-parent/2.47.1/selenium-parent-2.47.1.pom
2017-05-30 14:02:44,005 [Worker-289] INFO  o.e.m.c.i.e.AbstractTransferListenerAdapter - Downloading https://repo.maven.apache.org/maven2/org/seleniumhq/selenium/selenium-chrome-driver/2.47.1/selenium-chrome-driver-2.47.1.pom
2017-05-30 14:02:44,019 [Worker-289] INFO  o.e.m.c.i.e.AbstractTransferListenerAdapter - Downloaded https://repo.maven.apache.org/maven2/org/seleniumhq/selenium/selenium-chrome-driver/2.47.1/selenium-chrome-driver-2.47.1.pom
2017-05-30 14:02:44,045 [Worker-289] INFO  o.e.m.c.i.e.AbstractTransferListenerAdapter - Downloading https://repo.maven.apache.org/maven2/org/seleniumhq/selenium/selenium-remote-driver/2.47.1/selenium-remote-driver-2.47.1.pom
2017-05-30 14:02:44,058 [Worker-289] INFO  o.e.m.c.i.e.AbstractTransferListenerAdapter - Downloaded https://repo.maven.apache.org/maven2/org/seleniumhq/selenium/selenium-remote-driver/2.47.1/selenium-remote-driver-2.47.1.pom
2017-05-30 14:02:44,088 [Worker-293] INFO  o.e.m.c.i.e.AbstractTransferListenerAdapter - Downloading https://repo.maven.apache.org/maven2/org/seleniumhq/selenium/selenium-api/2.47.1/selenium-api-2.47.1.pom
2017-05-30 14:02:44,103 [Worker-293] INFO  o.e.m.c.i.e.AbstractTransferListenerAdapter - Downloaded https://repo.maven.apache.org/maven2/org/seleniumhq/selenium/selenium-api/2.47.1/selenium-api-2.47.1.pom
2017-05-30 14:02:44,138 [Worker-289] INFO  o.e.m.c.i.e.AbstractTransferListenerAdapter - Downloading https://repo.maven.apache.org/maven2/org/apache/httpcomponents/httpclient/4.4.1/httpclient-4.4.1.pom
2017-05-30 14:02:44,152 [Worker-289] INFO  o.e.m.c.i.e.AbstractTransferListenerAdapter - Downloaded https://repo.maven.apache.org/maven2/org/apache/httpcomponents/httpclient/4.4.1/httpclient-4.4.1.pom
2017-05-30 14:02:44,170 [Worker-289] INFO  o.e.m.c.i.e.AbstractTransferListenerAdapter - Downloading https://repo.maven.apache.org/maven2/org/apache/httpcomponents/httpcomponents-client/4.4.1/httpcomponents-client-4.4.1.pom
2017-05-30 14:02:44,190 [Worker-289] INFO  o.e.m.c.i.e.AbstractTransferListenerAdapter - Downloaded https://repo.maven.apache.org/maven2/org/apache/httpcomponents/httpcomponents-client/4.4.1/httpcomponents-client-4.4.1.pom
2017-05-30 14:02:44,260 [Worker-289] INFO  o.e.m.c.i.e.AbstractTransferListenerAdapter - Downloading https://repo.maven.apache.org/maven2/org/seleniumhq/selenium/selenium-edge-driver/2.47.1/selenium-edge-driver-2.47.1.pom
2017-05-30 14:02:44,281 [Worker-289] INFO  o.e.m.c.i.e.AbstractTransferListenerAdapter - Downloaded https://repo.maven.apache.org/maven2/org/seleniumhq/selenium/selenium-edge-driver/2.47.1/selenium-edge-driver-2.47.1.pom
2017-05-30 14:02:44,438 [Worker-289] INFO  o.e.m.c.i.e.AbstractTransferListenerAdapter - Downloading https://repo.maven.apache.org/maven2/org/seleniumhq/selenium/selenium-htmlunit-driver/2.47.1/selenium-htmlunit-driver-2.47.1.pom
2017-05-30 14:02:44,454 [Worker-289] INFO  o.e.m.c.i.e.AbstractTransferListenerAdapter - Downloaded https://repo.maven.apache.org/maven2/org/seleniumhq/selenium/selenium-htmlunit-driver/2.47.1/selenium-htmlunit-driver-2.47.1.pom
2017-05-30 14:02:44,473 [Worker-289] INFO  o.e.m.c.i.e.AbstractTransferListenerAdapter - Downloading https://repo.maven.apache.org/maven2/net/sourceforge/htmlunit/htmlunit/2.17/htmlunit-2.17.pom
2017-05-30 14:02:44,510 [Worker-289] INFO  o.e.m.c.i.e.AbstractTransferListenerAdapter - Downloaded https://repo.maven.apache.org/maven2/net/sourceforge/htmlunit/htmlunit/2.17/htmlunit-2.17.pom
2017-05-30 14:02:44,616 [Worker-293] INFO  o.e.m.c.i.e.AbstractTransferListenerAdapter - Downloading https://repo.maven.apache.org/maven2/org/apache/httpcomponents/httpmime/4.4.1/httpmime-4.4.1.pom
2017-05-30 14:02:44,633 [Worker-293] INFO  o.e.m.c.i.e.AbstractTransferListenerAdapter - Downloaded https://repo.maven.apache.org/maven2/org/apache/httpcomponents/httpmime/4.4.1/httpmime-4.4.1.pom
2017-05-30 14:02:44,671 [Worker-293] INFO  o.e.m.c.i.e.AbstractTransferListenerAdapter - Downloading https://repo.maven.apache.org/maven2/org/eclipse/jetty/websocket/websocket-client/9.2.11.v20150529/websocket-client-9.2.11.v20150529.pom
2017-05-30 14:02:44,684 [Worker-293] INFO  o.e.m.c.i.e.AbstractTransferListenerAdapter - Downloaded https://repo.maven.apache.org/maven2/org/eclipse/jetty/websocket/websocket-client/9.2.11.v20150529/websocket-client-9.2.11.v20150529.pom
2017-05-30 14:02:44,768 [Worker-293] INFO  o.e.m.c.i.e.AbstractTransferListenerAdapter - Downloading https://repo.maven.apache.org/maven2/org/eclipse/jetty/websocket/websocket-parent/9.2.11.v20150529/websocket-parent-9.2.11.v20150529.pom
2017-05-30 14:02:44,782 [Worker-293] INFO  o.e.m.c.i.e.AbstractTransferListenerAdapter - Downloaded https://repo.maven.apache.org/maven2/org/eclipse/jetty/websocket/websocket-parent/9.2.11.v20150529/websocket-parent-9.2.11.v20150529.pom
2017-05-30 14:02:44,803 [Worker-293] INFO  o.e.m.c.i.e.AbstractTransferListenerAdapter - Downloading https://repo.maven.apache.org/maven2/org/eclipse/jetty/jetty-project/9.2.11.v20150529/jetty-project-9.2.11.v20150529.pom
2017-05-30 14:02:44,828 [Worker-293] INFO  o.e.m.c.i.e.AbstractTransferListenerAdapter - Downloaded https://repo.maven.apache.org/maven2/org/eclipse/jetty/jetty-project/9.2.11.v20150529/jetty-project-9.2.11.v20150529.pom
2017-05-30 14:02:44,855 [Worker-289] INFO  o.e.m.c.i.e.AbstractTransferListenerAdapter - Downloading https://repo.maven.apache.org/maven2/org/eclipse/jetty/jetty-util/9.2.11.v20150529/jetty-util-9.2.11.v20150529.pom
2017-05-30 14:02:44,868 [Worker-289] INFO  o.e.m.c.i.e.AbstractTransferListenerAdapter - Downloaded https://repo.maven.apache.org/maven2/org/eclipse/jetty/jetty-util/9.2.11.v20150529/jetty-util-9.2.11.v20150529.pom
2017-05-30 14:02:44,887 [Worker-289] INFO  o.e.m.c.i.e.AbstractTransferListenerAdapter - Downloading https://repo.maven.apache.org/maven2/org/eclipse/jetty/jetty-io/9.2.11.v20150529/jetty-io-9.2.11.v20150529.pom
2017-05-30 14:02:44,969 [Worker-289] INFO  o.e.m.c.i.e.AbstractTransferListenerAdapter - Downloaded https://repo.maven.apache.org/maven2/org/eclipse/jetty/jetty-io/9.2.11.v20150529/jetty-io-9.2.11.v20150529.pom
2017-05-30 14:02:45,038 [Worker-293] INFO  o.e.m.c.i.e.AbstractTransferListenerAdapter - Downloading https://repo.maven.apache.org/maven2/org/eclipse/jetty/websocket/websocket-common/9.2.11.v20150529/websocket-common-9.2.11.v20150529.pom
2017-05-30 14:02:45,053 [Worker-293] INFO  o.e.m.c.i.e.AbstractTransferListenerAdapter - Downloaded https://repo.maven.apache.org/maven2/org/eclipse/jetty/websocket/websocket-common/9.2.11.v20150529/websocket-common-9.2.11.v20150529.pom
2017-05-30 14:02:45,070 [Worker-289] INFO  o.e.m.c.i.e.AbstractTransferListenerAdapter - Downloading https://repo.maven.apache.org/maven2/org/eclipse/jetty/websocket/websocket-api/9.2.11.v20150529/websocket-api-9.2.11.v20150529.pom
2017-05-30 14:02:45,082 [Worker-289] INFO  o.e.m.c.i.e.AbstractTransferListenerAdapter - Downloaded https://repo.maven.apache.org/maven2/org/eclipse/jetty/websocket/websocket-api/9.2.11.v20150529/websocket-api-9.2.11.v20150529.pom
2017-05-30 14:02:45,100 [Worker-289] INFO  o.e.m.c.i.e.AbstractTransferListenerAdapter - Downloading https://repo.maven.apache.org/maven2/org/seleniumhq/selenium/selenium-firefox-driver/2.47.1/selenium-firefox-driver-2.47.1.pom
2017-05-30 14:02:45,112 [Worker-289] INFO  o.e.m.c.i.e.AbstractTransferListenerAdapter - Downloaded https://repo.maven.apache.org/maven2/org/seleniumhq/selenium/selenium-firefox-driver/2.47.1/selenium-firefox-driver-2.47.1.pom
2017-05-30 14:02:45,150 [Worker-293] INFO  o.e.m.c.i.e.AbstractTransferListenerAdapter - Downloading https://repo.maven.apache.org/maven2/org/seleniumhq/selenium/selenium-ie-driver/2.47.1/selenium-ie-driver-2.47.1.pom
2017-05-30 14:02:45,162 [Worker-293] INFO  o.e.m.c.i.e.AbstractTransferListenerAdapter - Downloaded https://repo.maven.apache.org/maven2/org/seleniumhq/selenium/selenium-ie-driver/2.47.1/selenium-ie-driver-2.47.1.pom
2017-05-30 14:02:45,177 [Worker-293] INFO  o.e.m.c.i.e.AbstractTransferListenerAdapter - Downloading https://repo.maven.apache.org/maven2/org/seleniumhq/selenium/selenium-safari-driver/2.47.1/selenium-safari-driver-2.47.1.pom
2017-05-30 14:02:45,189 [Worker-293] INFO  o.e.m.c.i.e.AbstractTransferListenerAdapter - Downloaded https://repo.maven.apache.org/maven2/org/seleniumhq/selenium/selenium-safari-driver/2.47.1/selenium-safari-driver-2.47.1.pom
2017-05-30 14:02:45,214 [Worker-289] INFO  o.e.m.c.i.e.AbstractTransferListenerAdapter - Downloading https://repo.maven.apache.org/maven2/org/seleniumhq/selenium/selenium-support/2.47.1/selenium-support-2.47.1.pom
2017-05-30 14:02:45,227 [Worker-289] INFO  o.e.m.c.i.e.AbstractTransferListenerAdapter - Downloaded https://repo.maven.apache.org/maven2/org/seleniumhq/selenium/selenium-support/2.47.1/selenium-support-2.47.1.pom
2017-05-30 14:02:45,249 [Worker-289] INFO  o.e.m.c.i.e.AbstractTransferListenerAdapter - Downloading https://repo.maven.apache.org/maven2/org/seleniumhq/selenium/selenium-leg-rc/2.47.1/selenium-leg-rc-2.47.1.pom
2017-05-30 14:02:45,263 [Worker-289] INFO  o.e.m.c.i.e.AbstractTransferListenerAdapter - Downloaded https://repo.maven.apache.org/maven2/org/seleniumhq/selenium/selenium-leg-rc/2.47.1/selenium-leg-rc-2.47.1.pom
2017-05-30 14:02:45,281 [Worker-293] INFO  o.e.m.c.i.e.AbstractTransferListenerAdapter - Downloading https://repo.maven.apache.org/maven2/io/appium/java-client/3.1.0/java-client-3.1.0.pom
2017-05-30 14:02:45,296 [Worker-293] INFO  o.e.m.c.i.e.AbstractTransferListenerAdapter - Downloaded https://repo.maven.apache.org/maven2/io/appium/java-client/3.1.0/java-client-3.1.0.pom
2017-05-30 14:02:45,343 [Worker-293] INFO  o.e.m.c.i.e.AbstractTransferListenerAdapter - Downloading https://repo.maven.apache.org/maven2/com/google/code/gson/gson/2.2.4/gson-2.2.4.pom
2017-05-30 14:02:45,387 [Worker-293] INFO  o.e.m.c.i.e.AbstractTransferListenerAdapter - Downloaded https://repo.maven.apache.org/maven2/com/google/code/gson/gson/2.2.4/gson-2.2.4.pom
2017-05-30 14:02:45,402 [Worker-293] INFO  o.e.m.c.i.e.AbstractTransferListenerAdapter - Downloading https://repo.maven.apache.org/maven2/org/seleniumhq/selenium/selenium-java/2.46.0/selenium-java-2.46.0.pom
2017-05-30 14:02:45,426 [Worker-293] INFO  o.e.m.c.i.e.AbstractTransferListenerAdapter - Downloaded https://repo.maven.apache.org/maven2/org/seleniumhq/selenium/selenium-java/2.46.0/selenium-java-2.46.0.pom
2017-05-30 14:02:45,440 [Worker-293] INFO  o.e.m.c.i.e.AbstractTransferListenerAdapter - Downloading https://repo.maven.apache.org/maven2/org/seleniumhq/selenium/selenium-parent/2.46.0/selenium-parent-2.46.0.pom
2017-05-30 14:02:45,456 [Worker-293] INFO  o.e.m.c.i.e.AbstractTransferListenerAdapter - Downloaded https://repo.maven.apache.org/maven2/org/seleniumhq/selenium/selenium-parent/2.46.0/selenium-parent-2.46.0.pom
2017-05-30 14:02:45,471 [Worker-293] INFO  o.e.m.c.i.e.AbstractTransferListenerAdapter - Downloading https://repo.maven.apache.org/maven2/org/seleniumhq/selenium/selenium-chrome-driver/2.46.0/selenium-chrome-driver-2.46.0.pom
2017-05-30 14:02:45,484 [Worker-293] INFO  o.e.m.c.i.e.AbstractTransferListenerAdapter - Downloaded https://repo.maven.apache.org/maven2/org/seleniumhq/selenium/selenium-chrome-driver/2.46.0/selenium-chrome-driver-2.46.0.pom
2017-05-30 14:02:45,505 [Worker-293] INFO  o.e.m.c.i.e.AbstractTransferListenerAdapter - Downloading https://repo.maven.apache.org/maven2/org/seleniumhq/selenium/selenium-remote-driver/2.46.0/selenium-remote-driver-2.46.0.pom
2017-05-30 14:02:45,530 [Worker-293] INFO  o.e.m.c.i.e.AbstractTransferListenerAdapter - Downloaded https://repo.maven.apache.org/maven2/org/seleniumhq/selenium/selenium-remote-driver/2.46.0/selenium-remote-driver-2.46.0.pom
2017-05-30 14:02:45,555 [Worker-293] INFO  o.e.m.c.i.e.AbstractTransferListenerAdapter - Downloading https://repo.maven.apache.org/maven2/org/seleniumhq/selenium/selenium-api/2.46.0/selenium-api-2.46.0.pom
2017-05-30 14:02:45,570 [Worker-293] INFO  o.e.m.c.i.e.AbstractTransferListenerAdapter - Downloaded https://repo.maven.apache.org/maven2/org/seleniumhq/selenium/selenium-api/2.46.0/selenium-api-2.46.0.pom
2017-05-30 14:02:45,638 [Worker-289] INFO  o.e.m.c.i.e.AbstractTransferListenerAdapter - Downloading https://repo.maven.apache.org/maven2/org/seleniumhq/selenium/selenium-htmlunit-driver/2.46.0/selenium-htmlunit-driver-2.46.0.pom
2017-05-30 14:02:45,650 [Worker-289] INFO  o.e.m.c.i.e.AbstractTransferListenerAdapter - Downloaded https://repo.maven.apache.org/maven2/org/seleniumhq/selenium/selenium-htmlunit-driver/2.46.0/selenium-htmlunit-driver-2.46.0.pom
2017-05-30 14:02:45,668 [Worker-289] INFO  o.e.m.c.i.e.AbstractTransferListenerAdapter - Downloading https://repo.maven.apache.org/maven2/org/seleniumhq/selenium/selenium-firefox-driver/2.46.0/selenium-firefox-driver-2.46.0.pom
2017-05-30 14:02:45,681 [Worker-289] INFO  o.e.m.c.i.e.AbstractTransferListenerAdapter - Downloaded https://repo.maven.apache.org/maven2/org/seleniumhq/selenium/selenium-firefox-driver/2.46.0/selenium-firefox-driver-2.46.0.pom
2017-05-30 14:02:45,695 [Worker-289] INFO  o.e.m.c.i.e.AbstractTransferListenerAdapter - Downloading https://repo.maven.apache.org/maven2/org/seleniumhq/selenium/selenium-ie-driver/2.46.0/selenium-ie-driver-2.46.0.pom
2017-05-30 14:02:45,749 [Worker-289] INFO  o.e.m.c.i.e.AbstractTransferListenerAdapter - Downloaded https://repo.maven.apache.org/maven2/org/seleniumhq/selenium/selenium-ie-driver/2.46.0/selenium-ie-driver-2.46.0.pom
2017-05-30 14:02:45,763 [Worker-289] INFO  o.e.m.c.i.e.AbstractTransferListenerAdapter - Downloading https://repo.maven.apache.org/maven2/org/seleniumhq/selenium/selenium-safari-driver/2.46.0/selenium-safari-driver-2.46.0.pom
2017-05-30 14:02:45,775 [Worker-289] INFO  o.e.m.c.i.e.AbstractTransferListenerAdapter - Downloaded https://repo.maven.apache.org/maven2/org/seleniumhq/selenium/selenium-safari-driver/2.46.0/selenium-safari-driver-2.46.0.pom
2017-05-30 14:02:45,789 [Worker-289] INFO  o.e.m.c.i.e.AbstractTransferListenerAdapter - Downloading https://repo.maven.apache.org/maven2/org/seleniumhq/selenium/selenium-support/2.46.0/selenium-support-2.46.0.pom
2017-05-30 14:02:45,802 [Worker-289] INFO  o.e.m.c.i.e.AbstractTransferListenerAdapter - Downloaded https://repo.maven.apache.org/maven2/org/seleniumhq/selenium/selenium-support/2.46.0/selenium-support-2.46.0.pom
2017-05-30 14:02:45,816 [Worker-289] INFO  o.e.m.c.i.e.AbstractTransferListenerAdapter - Downloading https://repo.maven.apache.org/maven2/org/seleniumhq/selenium/selenium-leg-rc/2.46.0/selenium-leg-rc-2.46.0.pom
2017-05-30 14:02:45,830 [Worker-289] INFO  o.e.m.c.i.e.AbstractTransferListenerAdapter - Downloaded https://repo.maven.apache.org/maven2/org/seleniumhq/selenium/selenium-leg-rc/2.46.0/selenium-leg-rc-2.46.0.pom
2017-05-30 14:02:45,844 [Worker-289] INFO  o.e.m.c.i.e.AbstractTransferListenerAdapter - Downloading https://repo.maven.apache.org/maven2/org/apache/httpcomponents/httpclient/4.3.3/httpclient-4.3.3.pom
2017-05-30 14:02:45,857 [Worker-289] INFO  o.e.m.c.i.e.AbstractTransferListenerAdapter - Downloaded https://repo.maven.apache.org/maven2/org/apache/httpcomponents/httpclient/4.3.3/httpclient-4.3.3.pom
2017-05-30 14:02:45,872 [Worker-289] INFO  o.e.m.c.i.e.AbstractTransferListenerAdapter - Downloading https://repo.maven.apache.org/maven2/org/apache/httpcomponents/httpcomponents-client/4.3.3/httpcomponents-client-4.3.3.pom
2017-05-30 14:02:45,887 [Worker-289] INFO  o.e.m.c.i.e.AbstractTransferListenerAdapter - Downloaded https://repo.maven.apache.org/maven2/org/apache/httpcomponents/httpcomponents-client/4.3.3/httpcomponents-client-4.3.3.pom
2017-05-30 14:02:45,902 [Worker-289] INFO  o.e.m.c.i.e.AbstractTransferListenerAdapter - Downloading https://repo.maven.apache.org/maven2/org/apache/httpcomponents/httpcore/4.3.2/httpcore-4.3.2.pom
2017-05-30 14:02:45,914 [Worker-289] INFO  o.e.m.c.i.e.AbstractTransferListenerAdapter - Downloaded https://repo.maven.apache.org/maven2/org/apache/httpcomponents/httpcore/4.3.2/httpcore-4.3.2.pom
2017-05-30 14:02:45,931 [Worker-289] INFO  o.e.m.c.i.e.AbstractTransferListenerAdapter - Downloading https://repo.maven.apache.org/maven2/org/apache/httpcomponents/httpcomponents-core/4.3.2/httpcomponents-core-4.3.2.pom
2017-05-30 14:02:45,944 [Worker-289] INFO  o.e.m.c.i.e.AbstractTransferListenerAdapter - Downloaded https://repo.maven.apache.org/maven2/org/apache/httpcomponents/httpcomponents-core/4.3.2/httpcomponents-core-4.3.2.pom
2017-05-30 14:02:45,960 [Worker-289] INFO  o.e.m.c.i.e.AbstractTransferListenerAdapter - Downloading https://repo.maven.apache.org/maven2/commons-logging/commons-logging/1.1.3/commons-logging-1.1.3.pom
2017-05-30 14:02:45,978 [Worker-289] INFO  o.e.m.c.i.e.AbstractTransferListenerAdapter - Downloaded https://repo.maven.apache.org/maven2/commons-logging/commons-logging/1.1.3/commons-logging-1.1.3.pom
2017-05-30 14:02:45,991 [Worker-289] INFO  o.e.m.c.i.e.AbstractTransferListenerAdapter - Downloading https://repo.maven.apache.org/maven2/org/apache/commons/commons-parent/28/commons-parent-28.pom
2017-05-30 14:02:46,026 [Worker-289] INFO  o.e.m.c.i.e.AbstractTransferListenerAdapter - Downloaded https://repo.maven.apache.org/maven2/org/apache/commons/commons-parent/28/commons-parent-28.pom
2017-05-30 14:02:46,051 [Worker-293] INFO  o.e.m.c.i.e.AbstractTransferListenerAdapter - Downloading https://repo.maven.apache.org/maven2/com/google/guava/guava/17.0/guava-17.0.pom
2017-05-30 14:02:46,072 [Worker-293] INFO  o.e.m.c.i.e.AbstractTransferListenerAdapter - Downloaded https://repo.maven.apache.org/maven2/com/google/guava/guava/17.0/guava-17.0.pom
2017-05-30 14:02:46,098 [Worker-289] INFO  o.e.m.c.i.e.AbstractTransferListenerAdapter - Downloading https://repo.maven.apache.org/maven2/com/google/guava/guava-parent/17.0/guava-parent-17.0.pom
2017-05-30 14:02:46,114 [Worker-289] INFO  o.e.m.c.i.e.AbstractTransferListenerAdapter - Downloaded https://repo.maven.apache.org/maven2/com/google/guava/guava-parent/17.0/guava-parent-17.0.pom
2017-05-30 14:02:46,130 [Worker-293] INFO  o.e.m.c.i.e.AbstractTransferListenerAdapter - Downloading https://repo.maven.apache.org/maven2/cglib/cglib/3.1/cglib-3.1.pom
2017-05-30 14:02:46,145 [Worker-293] INFO  o.e.m.c.i.e.AbstractTransferListenerAdapter - Downloaded https://repo.maven.apache.org/maven2/cglib/cglib/3.1/cglib-3.1.pom
2017-05-30 14:02:46,160 [Worker-293] INFO  o.e.m.c.i.e.AbstractTransferListenerAdapter - Downloading https://repo.maven.apache.org/maven2/org/ow2/asm/asm/4.2/asm-4.2.pom
2017-05-30 14:02:46,177 [Worker-293] INFO  o.e.m.c.i.e.AbstractTransferListenerAdapter - Downloaded https://repo.maven.apache.org/maven2/org/ow2/asm/asm/4.2/asm-4.2.pom
2017-05-30 14:02:46,191 [Worker-293] INFO  o.e.m.c.i.e.AbstractTransferListenerAdapter - Downloading https://repo.maven.apache.org/maven2/org/ow2/asm/asm-parent/4.2/asm-parent-4.2.pom
2017-05-30 14:02:46,206 [Worker-293] INFO  o.e.m.c.i.e.AbstractTransferListenerAdapter - Downloaded https://repo.maven.apache.org/maven2/org/ow2/asm/asm-parent/4.2/asm-parent-4.2.pom
2017-05-30 14:02:46,226 [Worker-293] INFO  o.e.m.c.i.e.AbstractTransferListenerAdapter - Downloading https://repo.maven.apache.org/maven2/org/ow2/ow2/1.3/ow2-1.3.pom
2017-05-30 14:02:46,246 [Worker-293] INFO  o.e.m.c.i.e.AbstractTransferListenerAdapter - Downloaded https://repo.maven.apache.org/maven2/org/ow2/ow2/1.3/ow2-1.3.pom
2017-05-30 14:02:46,347 [Worker-289] INFO  o.e.m.c.i.e.AbstractTransferListenerAdapter - Downloading https://repo.maven.apache.org/maven2/org/seleniumhq/selenium/selenium-java/2.47.1/selenium-java-2.47.1.jar
2017-05-30 14:02:46,364 [Worker-289] INFO  o.e.m.c.i.e.AbstractTransferListenerAdapter - Downloaded https://repo.maven.apache.org/maven2/org/seleniumhq/selenium/selenium-java/2.47.1/selenium-java-2.47.1.jar
2017-05-30 14:02:46,376 [Worker-289] INFO  o.e.m.c.i.e.AbstractTransferListenerAdapter - Downloading https://repo.maven.apache.org/maven2/org/seleniumhq/selenium/selenium-chrome-driver/2.47.1/selenium-chrome-driver-2.47.1.jar
2017-05-30 14:02:46,394 [Worker-289] INFO  o.e.m.c.i.e.AbstractTransferListenerAdapter - Downloaded https://repo.maven.apache.org/maven2/org/seleniumhq/selenium/selenium-chrome-driver/2.47.1/selenium-chrome-driver-2.47.1.jar
2017-05-30 14:02:46,413 [Worker-289] INFO  o.e.m.c.i.e.AbstractTransferListenerAdapter - Downloading https://repo.maven.apache.org/maven2/org/seleniumhq/selenium/selenium-remote-driver/2.47.1/selenium-remote-driver-2.47.1.jar
2017-05-30 14:02:46,512 [Worker-289] INFO  o.e.m.c.i.e.AbstractTransferListenerAdapter - Downloaded https://repo.maven.apache.org/maven2/org/seleniumhq/selenium/selenium-remote-driver/2.47.1/selenium-remote-driver-2.47.1.jar
2017-05-30 14:02:46,534 [Worker-289] INFO  o.e.m.c.i.e.AbstractTransferListenerAdapter - Downloading https://repo.maven.apache.org/maven2/org/seleniumhq/selenium/selenium-api/2.47.1/selenium-api-2.47.1.jar
2017-05-30 14:02:46,633 [Worker-289] INFO  o.e.m.c.i.e.AbstractTransferListenerAdapter - Downloaded https://repo.maven.apache.org/maven2/org/seleniumhq/selenium/selenium-api/2.47.1/selenium-api-2.47.1.jar
2017-05-30 14:02:46,653 [Worker-289] INFO  o.e.m.c.i.e.AbstractTransferListenerAdapter - Downloading https://repo.maven.apache.org/maven2/org/seleniumhq/selenium/selenium-edge-driver/2.47.1/selenium-edge-driver-2.47.1.jar
2017-05-30 14:02:46,670 [Worker-289] INFO  o.e.m.c.i.e.AbstractTransferListenerAdapter - Downloaded https://repo.maven.apache.org/maven2/org/seleniumhq/selenium/selenium-edge-driver/2.47.1/selenium-edge-driver-2.47.1.jar
2017-05-30 14:02:46,684 [Worker-289] INFO  o.e.m.c.i.e.AbstractTransferListenerAdapter - Downloading https://repo.maven.apache.org/maven2/org/seleniumhq/selenium/selenium-htmlunit-driver/2.47.1/selenium-htmlunit-driver-2.47.1.jar
2017-05-30 14:02:46,721 [Worker-289] INFO  o.e.m.c.i.e.AbstractTransferListenerAdapter - Downloaded https://repo.maven.apache.org/maven2/org/seleniumhq/selenium/selenium-htmlunit-driver/2.47.1/selenium-htmlunit-driver-2.47.1.jar
2017-05-30 14:02:46,773 [Worker-289] INFO  o.e.m.c.i.e.AbstractTransferListenerAdapter - Downloading https://repo.maven.apache.org/maven2/net/sourceforge/htmlunit/htmlunit/2.17/htmlunit-2.17.jar
2017-05-30 14:02:47,234 [Worker-289] INFO  o.e.m.c.i.e.AbstractTransferListenerAdapter - Downloaded https://repo.maven.apache.org/maven2/net/sourceforge/htmlunit/htmlunit/2.17/htmlunit-2.17.jar
2017-05-30 14:02:47,252 [Worker-289] INFO  o.e.m.c.i.e.AbstractTransferListenerAdapter - Downloading https://repo.maven.apache.org/maven2/org/apache/httpcomponents/httpmime/4.4.1/httpmime-4.4.1.jar
2017-05-30 14:02:47,273 [Worker-289] INFO  o.e.m.c.i.e.AbstractTransferListenerAdapter - Downloaded https://repo.maven.apache.org/maven2/org/apache/httpcomponents/httpmime/4.4.1/httpmime-4.4.1.jar
2017-05-30 14:02:47,287 [Worker-289] INFO  o.e.m.c.i.e.AbstractTransferListenerAdapter - Downloading https://repo.maven.apache.org/maven2/org/eclipse/jetty/websocket/websocket-client/9.2.11.v20150529/websocket-client-9.2.11.v20150529.jar
2017-05-30 14:02:47,305 [Worker-289] INFO  o.e.m.c.i.e.AbstractTransferListenerAdapter - Downloaded https://repo.maven.apache.org/maven2/org/eclipse/jetty/websocket/websocket-client/9.2.11.v20150529/websocket-client-9.2.11.v20150529.jar
2017-05-30 14:02:47,319 [Worker-289] INFO  o.e.m.c.i.e.AbstractTransferListenerAdapter - Downloading https://repo.maven.apache.org/maven2/org/eclipse/jetty/jetty-util/9.2.11.v20150529/jetty-util-9.2.11.v20150529.jar
2017-05-30 14:02:47,402 [Worker-289] INFO  o.e.m.c.i.e.AbstractTransferListenerAdapter - Downloaded https://repo.maven.apache.org/maven2/org/eclipse/jetty/jetty-util/9.2.11.v20150529/jetty-util-9.2.11.v20150529.jar
2017-05-30 14:02:47,416 [Worker-289] INFO  o.e.m.c.i.e.AbstractTransferListenerAdapter - Downloading https://repo.maven.apache.org/maven2/org/eclipse/jetty/jetty-io/9.2.11.v20150529/jetty-io-9.2.11.v20150529.jar
2017-05-30 14:02:47,443 [Worker-289] INFO  o.e.m.c.i.e.AbstractTransferListenerAdapter - Downloaded https://repo.maven.apache.org/maven2/org/eclipse/jetty/jetty-io/9.2.11.v20150529/jetty-io-9.2.11.v20150529.jar
2017-05-30 14:02:47,459 [Worker-289] INFO  o.e.m.c.i.e.AbstractTransferListenerAdapter - Downloading https://repo.maven.apache.org/maven2/org/eclipse/jetty/websocket/websocket-common/9.2.11.v20150529/websocket-common-9.2.11.v20150529.jar
2017-05-30 14:02:47,506 [Worker-289] INFO  o.e.m.c.i.e.AbstractTransferListenerAdapter - Downloaded https://repo.maven.apache.org/maven2/org/eclipse/jetty/websocket/websocket-common/9.2.11.v20150529/websocket-common-9.2.11.v20150529.jar
2017-05-30 14:02:47,521 [Worker-289] INFO  o.e.m.c.i.e.AbstractTransferListenerAdapter - Downloading https://repo.maven.apache.org/maven2/org/eclipse/jetty/websocket/websocket-api/9.2.11.v20150529/websocket-api-9.2.11.v20150529.jar
2017-05-30 14:02:47,538 [Worker-289] INFO  o.e.m.c.i.e.AbstractTransferListenerAdapter - Downloaded https://repo.maven.apache.org/maven2/org/eclipse/jetty/websocket/websocket-api/9.2.11.v20150529/websocket-api-9.2.11.v20150529.jar
2017-05-30 14:02:47,613 [Worker-289] INFO  o.e.m.c.i.e.AbstractTransferListenerAdapter - Downloading https://repo.maven.apache.org/maven2/org/seleniumhq/selenium/selenium-firefox-driver/2.47.1/selenium-firefox-driver-2.47.1.jar
2017-05-30 14:02:48,098 [Worker-289] INFO  o.e.m.c.i.e.AbstractTransferListenerAdapter - Downloaded https://repo.maven.apache.org/maven2/org/seleniumhq/selenium/selenium-firefox-driver/2.47.1/selenium-firefox-driver-2.47.1.jar
2017-05-30 14:02:48,117 [Worker-289] INFO  o.e.m.c.i.e.AbstractTransferListenerAdapter - Downloading https://repo.maven.apache.org/maven2/org/seleniumhq/selenium/selenium-ie-driver/2.47.1/selenium-ie-driver-2.47.1.jar
2017-05-30 14:02:48,132 [Worker-289] INFO  o.e.m.c.i.e.AbstractTransferListenerAdapter - Downloaded https://repo.maven.apache.org/maven2/org/seleniumhq/selenium/selenium-ie-driver/2.47.1/selenium-ie-driver-2.47.1.jar
2017-05-30 14:02:48,207 [Worker-289] INFO  o.e.m.c.i.e.AbstractTransferListenerAdapter - Downloading https://repo.maven.apache.org/maven2/org/seleniumhq/selenium/selenium-safari-driver/2.47.1/selenium-safari-driver-2.47.1.jar
2017-05-30 14:02:48,298 [Worker-289] INFO  o.e.m.c.i.e.AbstractTransferListenerAdapter - Downloaded https://repo.maven.apache.org/maven2/org/seleniumhq/selenium/selenium-safari-driver/2.47.1/selenium-safari-driver-2.47.1.jar
2017-05-30 14:02:48,313 [Worker-289] INFO  o.e.m.c.i.e.AbstractTransferListenerAdapter - Downloading https://repo.maven.apache.org/maven2/org/seleniumhq/selenium/selenium-support/2.47.1/selenium-support-2.47.1.jar
2017-05-30 14:02:48,365 [Worker-289] INFO  o.e.m.c.i.e.AbstractTransferListenerAdapter - Downloaded https://repo.maven.apache.org/maven2/org/seleniumhq/selenium/selenium-support/2.47.1/selenium-support-2.47.1.jar
2017-05-30 14:02:48,391 [Worker-289] INFO  o.e.m.c.i.e.AbstractTransferListenerAdapter - Downloading https://repo.maven.apache.org/maven2/org/seleniumhq/selenium/selenium-leg-rc/2.47.1/selenium-leg-rc-2.47.1.jar
2017-05-30 14:02:48,492 [Worker-289] INFO  o.e.m.c.i.e.AbstractTransferListenerAdapter - Downloaded https://repo.maven.apache.org/maven2/org/seleniumhq/selenium/selenium-leg-rc/2.47.1/selenium-leg-rc-2.47.1.jar
2017-05-30 14:02:48,563 [Worker-289] INFO  o.e.m.c.i.e.AbstractTransferListenerAdapter - Downloading https://repo.maven.apache.org/maven2/io/appium/java-client/3.1.0/java-client-3.1.0.jar
2017-05-30 14:02:48,605 [Worker-289] INFO  o.e.m.c.i.e.AbstractTransferListenerAdapter - Downloaded https://repo.maven.apache.org/maven2/io/appium/java-client/3.1.0/java-client-3.1.0.jar
2017-05-30 14:02:48,615 [Worker-289] INFO  o.e.m.c.i.e.AbstractTransferListenerAdapter - Downloading https://repo.maven.apache.org/maven2/org/apache/httpcomponents/httpclient/4.3.3/httpclient-4.3.3.jar
2017-05-30 14:02:48,793 [Worker-289] INFO  o.e.m.c.i.e.AbstractTransferListenerAdapter - Downloaded https://repo.maven.apache.org/maven2/org/apache/httpcomponents/httpclient/4.3.3/httpclient-4.3.3.jar
2017-05-30 14:02:48,803 [Worker-289] INFO  o.e.m.c.i.e.AbstractTransferListenerAdapter - Downloading https://repo.maven.apache.org/maven2/org/apache/httpcomponents/httpcore/4.3.2/httpcore-4.3.2.jar
2017-05-30 14:02:48,894 [Worker-289] INFO  o.e.m.c.i.e.AbstractTransferListenerAdapter - Downloaded https://repo.maven.apache.org/maven2/org/apache/httpcomponents/httpcore/4.3.2/httpcore-4.3.2.jar
2017-05-30 14:02:48,952 [Worker-289] INFO  o.e.m.c.i.e.AbstractTransferListenerAdapter - Downloading https://repo.maven.apache.org/maven2/commons-logging/commons-logging/1.1.3/commons-logging-1.1.3.jar
2017-05-30 14:02:48,966 [Worker-289] INFO  o.e.m.c.i.e.AbstractTransferListenerAdapter - Downloaded https://repo.maven.apache.org/maven2/commons-logging/commons-logging/1.1.3/commons-logging-1.1.3.jar
2017-05-30 14:02:48,984 [Worker-289] INFO  o.e.m.c.i.e.AbstractTransferListenerAdapter - Downloading https://repo.maven.apache.org/maven2/com/google/guava/guava/17.0/guava-17.0.jar
2017-05-30 14:02:49,439 [Worker-289] INFO  o.e.m.c.i.e.AbstractTransferListenerAdapter - Downloaded https://repo.maven.apache.org/maven2/com/google/guava/guava/17.0/guava-17.0.jar
2017-05-30 14:02:49,457 [Worker-289] INFO  o.e.m.c.i.e.AbstractTransferListenerAdapter - Downloading https://repo.maven.apache.org/maven2/cglib/cglib/3.1/cglib-3.1.jar
2017-05-30 14:02:49,554 [Worker-289] INFO  o.e.m.c.i.e.AbstractTransferListenerAdapter - Downloaded https://repo.maven.apache.org/maven2/cglib/cglib/3.1/cglib-3.1.jar
2017-05-30 14:02:49,569 [Worker-289] INFO  o.e.m.c.i.e.AbstractTransferListenerAdapter - Downloading https://repo.maven.apache.org/maven2/org/ow2/asm/asm/4.2/asm-4.2.jar
2017-05-30 14:02:49,585 [Worker-289] INFO  o.e.m.c.i.e.AbstractTransferListenerAdapter - Downloaded https://repo.maven.apache.org/maven2/org/ow2/asm/asm/4.2/asm-4.2.jar
2017-05-30 14:02:49,919 [Worker-293] INFO  o.e.m.c.i.embedder.EclipseLogger - Using 'UTF-8' encoding to copy filtered resources.
2017-05-30 14:02:49,919 [Worker-293] INFO  o.e.m.c.i.embedder.EclipseLogger - skip non existing resourceDirectory /Users/rrazumov/mobile/NewsRoomMobile/maventest/src/main/resources
2017-05-30 14:02:49,920 [Worker-293] INFO  o.e.m.c.i.embedder.EclipseLogger - Using 'UTF-8' encoding to copy filtered resources.
2017-05-30 14:02:49,920 [Worker-293] INFO  o.e.m.c.i.embedder.EclipseLogger - skip non existing resourceDirectory /Users/rrazumov/mobile/NewsRoomMobile/maventest/src/test/resources
2017-05-30 14:02:51,171 [Worker-289] INFO  o.e.m.c.i.embedder.EclipseLogger - Using 'UTF-8' encoding to copy filtered resources.
2017-05-30 14:02:51,171 [Worker-289] INFO  o.e.m.c.i.embedder.EclipseLogger - skip non existing resourceDirectory /Users/rrazumov/mobile/NewsRoomMobile/maventest/src/main/resources
2017-05-30 14:02:51,171 [Worker-289] INFO  o.e.m.c.i.embedder.EclipseLogger - Using 'UTF-8' encoding to copy filtered resources.
2017-05-30 14:02:51,172 [Worker-289] INFO  o.e.m.c.i.embedder.EclipseLogger - skip non existing resourceDirectory /Users/rrazumov/mobile/NewsRoomMobile/maventest/src/test/resources
2017-05-30 14:04:32,957 [Worker-297] INFO  o.e.m.c.i.embedder.EclipseLogger - Using 'UTF-8' encoding to copy filtered resources.
2017-05-30 14:04:32,958 [Worker-297] INFO  o.e.m.c.i.embedder.EclipseLogger - skip non existing resourceDirectory /Users/rrazumov/mobile/NewsRoomMobile/maventest/src/main/resources
2017-05-30 14:04:32,958 [Worker-297] INFO  o.e.m.c.i.embedder.EclipseLogger - Using 'UTF-8' encoding to copy filtered resources.
2017-05-30 14:04:32,958 [Worker-297] INFO  o.e.m.c.i.embedder.EclipseLogger - skip non existing resourceDirectory /Users/rrazumov/mobile/NewsRoomMobile/maventest/src/test/resources
2017-05-30 14:05:59,154 [Worker-289] INFO  o.e.m.c.i.embedder.EclipseLogger - Using 'UTF-8' encoding to copy filtered resources.
2017-05-30 14:05:59,154 [Worker-289] INFO  o.e.m.c.i.embedder.EclipseLogger - skip non existing resourceDirectory /Users/rrazumov/mobile/NewsRoomMobile/maventest/src/main/resources
2017-05-30 14:05:59,155 [Worker-289] INFO  o.e.m.c.i.embedder.EclipseLogger - Using 'UTF-8' encoding to copy filtered resources.
2017-05-30 14:05:59,155 [Worker-289] INFO  o.e.m.c.i.embedder.EclipseLogger - skip non existing resourceDirectory /Users/rrazumov/mobile/NewsRoomMobile/maventest/src/test/resources
2017-05-30 14:07:54,489 [Worker-284] INFO  o.e.m.c.i.embedder.EclipseLogger - Using 'UTF-8' encoding to copy filtered resources.
2017-05-30 14:07:54,489 [Worker-284] INFO  o.e.m.c.i.embedder.EclipseLogger - skip non existing resourceDirectory /Users/rrazumov/mobile/NewsRoomMobile/maventest/src/main/resources
2017-05-30 14:07:54,491 [Worker-284] INFO  o.e.m.c.i.embedder.EclipseLogger - Using 'UTF-8' encoding to copy filtered resources.
2017-05-30 14:07:54,491 [Worker-284] INFO  o.e.m.c.i.embedder.EclipseLogger - skip non existing resourceDirectory /Users/rrazumov/mobile/NewsRoomMobile/maventest/src/test/resources
2017-05-30 14:11:44,346 [Worker-288] INFO  o.e.m.c.i.embedder.EclipseLogger - Using 'UTF-8' encoding to copy filtered resources.
2017-05-30 14:11:44,346 [Worker-288] INFO  o.e.m.c.i.embedder.EclipseLogger - skip non existing resourceDirectory /Users/rrazumov/mobile/NewsRoomMobile/maventest/src/main/resources
2017-05-30 14:11:44,347 [Worker-288] INFO  o.e.m.c.i.embedder.EclipseLogger - Using 'UTF-8' encoding to copy filtered resources.
2017-05-30 14:11:44,347 [Worker-288] INFO  o.e.m.c.i.embedder.EclipseLogger - skip non existing resourceDirectory /Users/rrazumov/mobile/NewsRoomMobile/maventest/src/test/resources
2017-05-30 14:14:01,108 [Worker-300] INFO  o.e.m.c.i.embedder.EclipseLogger - Using 'UTF-8' encoding to copy filtered resources.
2017-05-30 14:14:01,108 [Worker-300] INFO  o.e.m.c.i.embedder.EclipseLogger - skip non existing resourceDirectory /Users/rrazumov/mobile/NewsRoomMobile/maventest/src/main/resources
2017-05-30 14:14:01,109 [Worker-300] INFO  o.e.m.c.i.embedder.EclipseLogger - Using 'UTF-8' encoding to copy filtered resources.
2017-05-30 14:14:01,109 [Worker-300] INFO  o.e.m.c.i.embedder.EclipseLogger - skip non existing resourceDirectory /Users/rrazumov/mobile/NewsRoomMobile/maventest/src/test/resources
2017-05-30 14:18:22,027 [Worker-300] INFO  o.e.m.c.i.embedder.EclipseLogger - Using 'UTF-8' encoding to copy filtered resources.
2017-05-30 14:18:22,027 [Worker-300] INFO  o.e.m.c.i.embedder.EclipseLogger - skip non existing resourceDirectory /Users/rrazumov/mobile/NewsRoomMobile/maventest/src/main/resources
2017-05-30 14:18:22,028 [Worker-300] INFO  o.e.m.c.i.embedder.EclipseLogger - Using 'UTF-8' encoding to copy filtered resources.
2017-05-30 14:18:22,028 [Worker-300] INFO  o.e.m.c.i.embedder.EclipseLogger - skip non existing resourceDirectory /Users/rrazumov/mobile/NewsRoomMobile/maventest/src/test/resources
2017-05-30 14:19:32,287 [Worker-297] INFO  o.e.m.c.i.embedder.EclipseLogger - Using 'UTF-8' encoding to copy filtered resources.
2017-05-30 14:19:32,288 [Worker-297] INFO  o.e.m.c.i.embedder.EclipseLogger - skip non existing resourceDirectory /Users/rrazumov/mobile/NewsRoomMobile/maventest/src/main/resources
2017-05-30 14:19:32,289 [Worker-297] INFO  o.e.m.c.i.embedder.EclipseLogger - Using 'UTF-8' encoding to copy filtered resources.
2017-05-30 14:19:32,289 [Worker-297] INFO  o.e.m.c.i.embedder.EclipseLogger - skip non existing resourceDirectory /Users/rrazumov/mobile/NewsRoomMobile/maventest/src/test/resources
2017-05-30 14:19:53,466 [Worker-304] INFO  o.e.m.c.i.embedder.EclipseLogger - Using 'UTF-8' encoding to copy filtered resources.
2017-05-30 14:19:53,467 [Worker-304] INFO  o.e.m.c.i.embedder.EclipseLogger - skip non existing resourceDirectory /Users/rrazumov/mobile/NewsRoomMobile/maventest/src/main/resources
2017-05-30 14:19:53,467 [Worker-304] INFO  o.e.m.c.i.embedder.EclipseLogger - Using 'UTF-8' encoding to copy filtered resources.
2017-05-30 14:19:53,467 [Worker-304] INFO  o.e.m.c.i.embedder.EclipseLogger - skip non existing resourceDirectory /Users/rrazumov/mobile/NewsRoomMobile/maventest/src/test/resources
2017-05-30 14:20:04,577 [Worker-300] INFO  o.e.m.c.i.embedder.EclipseLogger - Using 'UTF-8' encoding to copy filtered resources.
2017-05-30 14:20:04,577 [Worker-300] INFO  o.e.m.c.i.embedder.EclipseLogger - skip non existing resourceDirectory /Users/rrazumov/mobile/NewsRoomMobile/maventest/src/main/resources
2017-05-30 14:20:04,578 [Worker-300] INFO  o.e.m.c.i.embedder.EclipseLogger - Using 'UTF-8' encoding to copy filtered resources.
2017-05-30 14:20:04,578 [Worker-300] INFO  o.e.m.c.i.embedder.EclipseLogger - skip non existing resourceDirectory /Users/rrazumov/mobile/NewsRoomMobile/maventest/src/test/resources
2017-05-30 14:20:31,061 [Worker-300] INFO  o.e.m.c.i.embedder.EclipseLogger - Using 'UTF-8' encoding to copy filtered resources.
2017-05-30 14:20:31,061 [Worker-300] INFO  o.e.m.c.i.embedder.EclipseLogger - skip non existing resourceDirectory /Users/rrazumov/mobile/NewsRoomMobile/maventest/src/main/resources
2017-05-30 14:20:31,062 [Worker-300] INFO  o.e.m.c.i.embedder.EclipseLogger - Using 'UTF-8' encoding to copy filtered resources.
2017-05-30 14:20:31,062 [Worker-300] INFO  o.e.m.c.i.embedder.EclipseLogger - skip non existing resourceDirectory /Users/rrazumov/mobile/NewsRoomMobile/maventest/src/test/resources
2017-05-30 14:23:50,271 [Worker-304] INFO  o.e.m.c.i.embedder.EclipseLogger - Using 'UTF-8' encoding to copy filtered resources.
2017-05-30 14:23:50,271 [Worker-304] INFO  o.e.m.c.i.embedder.EclipseLogger - skip non existing resourceDirectory /Users/rrazumov/mobile/NewsRoomMobile/maventest/src/main/resources
2017-05-30 14:23:50,272 [Worker-304] INFO  o.e.m.c.i.embedder.EclipseLogger - Using 'UTF-8' encoding to copy filtered resources.
2017-05-30 14:23:50,273 [Worker-304] INFO  o.e.m.c.i.embedder.EclipseLogger - skip non existing resourceDirectory /Users/rrazumov/mobile/NewsRoomMobile/maventest/src/test/resources
2017-05-30 14:26:12,822 [Worker-289] INFO  o.e.m.c.i.embedder.EclipseLogger - Using 'UTF-8' encoding to copy filtered resources.
2017-05-30 14:26:12,822 [Worker-289] INFO  o.e.m.c.i.embedder.EclipseLogger - skip non existing resourceDirectory /Users/rrazumov/mobile/NewsRoomMobile/maventest/src/main/resources
2017-05-30 14:26:12,822 [Worker-289] INFO  o.e.m.c.i.embedder.EclipseLogger - Using 'UTF-8' encoding to copy filtered resources.
2017-05-30 14:26:12,823 [Worker-289] INFO  o.e.m.c.i.embedder.EclipseLogger - skip non existing resourceDirectory /Users/rrazumov/mobile/NewsRoomMobile/maventest/src/test/resources
2017-05-30 14:27:42,773 [Worker-305] INFO  o.e.m.c.i.embedder.EclipseLogger - Using 'UTF-8' encoding to copy filtered resources.
2017-05-30 14:27:42,773 [Worker-305] INFO  o.e.m.c.i.embedder.EclipseLogger - skip non existing resourceDirectory /Users/rrazumov/mobile/NewsRoomMobile/maventest/src/main/resources
2017-05-30 14:27:42,774 [Worker-305] INFO  o.e.m.c.i.embedder.EclipseLogger - Using 'UTF-8' encoding to copy filtered resources.
2017-05-30 14:27:42,774 [Worker-305] INFO  o.e.m.c.i.embedder.EclipseLogger - skip non existing resourceDirectory /Users/rrazumov/mobile/NewsRoomMobile/maventest/src/test/resources
2017-05-30 14:34:19,005 [Worker-305] INFO  o.e.m.c.i.embedder.EclipseLogger - Using 'UTF-8' encoding to copy filtered resources.
2017-05-30 14:34:19,006 [Worker-305] INFO  o.e.m.c.i.embedder.EclipseLogger - skip non existing resourceDirectory /Users/rrazumov/mobile/NewsRoomMobile/maventest/src/main/resources
2017-05-30 14:34:19,006 [Worker-305] INFO  o.e.m.c.i.embedder.EclipseLogger - Using 'UTF-8' encoding to copy filtered resources.
2017-05-30 14:34:19,006 [Worker-305] INFO  o.e.m.c.i.embedder.EclipseLogger - skip non existing resourceDirectory /Users/rrazumov/mobile/NewsRoomMobile/maventest/src/test/resources
2017-05-30 14:37:40,967 [Worker-308] INFO  o.e.m.c.i.embedder.EclipseLogger - Using 'UTF-8' encoding to copy filtered resources.
2017-05-30 14:37:40,967 [Worker-308] INFO  o.e.m.c.i.embedder.EclipseLogger - skip non existing resourceDirectory /Users/rrazumov/mobile/NewsRoomMobile/maventest/src/main/resources
2017-05-30 14:37:40,968 [Worker-308] INFO  o.e.m.c.i.embedder.EclipseLogger - Using 'UTF-8' encoding to copy filtered resources.
2017-05-30 14:37:40,968 [Worker-308] INFO  o.e.m.c.i.embedder.EclipseLogger - skip non existing resourceDirectory /Users/rrazumov/mobile/NewsRoomMobile/maventest/src/test/resources
2017-05-30 14:39:57,555 [Worker-308] INFO  o.e.m.c.i.embedder.EclipseLogger - Using 'UTF-8' encoding to copy filtered resources.
2017-05-30 14:39:57,556 [Worker-308] INFO  o.e.m.c.i.embedder.EclipseLogger - skip non existing resourceDirectory /Users/rrazumov/mobile/NewsRoomMobile/maventest/src/main/resources
2017-05-30 14:39:57,556 [Worker-308] INFO  o.e.m.c.i.embedder.EclipseLogger - Using 'UTF-8' encoding to copy filtered resources.
2017-05-30 14:39:57,557 [Worker-308] INFO  o.e.m.c.i.embedder.EclipseLogger - skip non existing resourceDirectory /Users/rrazumov/mobile/NewsRoomMobile/maventest/src/test/resources
2017-05-30 14:43:22,717 [Worker-309] INFO  o.e.m.c.i.embedder.EclipseLogger - Using 'UTF-8' encoding to copy filtered resources.
2017-05-30 14:43:22,717 [Worker-309] INFO  o.e.m.c.i.embedder.EclipseLogger - skip non existing resourceDirectory /Users/rrazumov/mobile/NewsRoomMobile/maventest/src/main/resources
2017-05-30 14:43:22,718 [Worker-309] INFO  o.e.m.c.i.embedder.EclipseLogger - Using 'UTF-8' encoding to copy filtered resources.
2017-05-30 14:43:22,718 [Worker-309] INFO  o.e.m.c.i.embedder.EclipseLogger - skip non existing resourceDirectory /Users/rrazumov/mobile/NewsRoomMobile/maventest/src/test/resources
2017-05-30 14:43:40,277 [Worker-310] INFO  o.e.m.c.i.embedder.EclipseLogger - Using 'UTF-8' encoding to copy filtered resources.
2017-05-30 14:43:40,277 [Worker-310] INFO  o.e.m.c.i.embedder.EclipseLogger - skip non existing resourceDirectory /Users/rrazumov/mobile/NewsRoomMobile/maventest/src/main/resources
2017-05-30 14:43:40,278 [Worker-310] INFO  o.e.m.c.i.embedder.EclipseLogger - Using 'UTF-8' encoding to copy filtered resources.
2017-05-30 14:43:40,278 [Worker-310] INFO  o.e.m.c.i.embedder.EclipseLogger - skip non existing resourceDirectory /Users/rrazumov/mobile/NewsRoomMobile/maventest/src/test/resources
2017-05-30 14:44:06,661 [Worker-307] INFO  o.e.m.c.i.embedder.EclipseLogger - Using 'UTF-8' encoding to copy filtered resources.
2017-05-30 14:44:06,661 [Worker-307] INFO  o.e.m.c.i.embedder.EclipseLogger - skip non existing resourceDirectory /Users/rrazumov/mobile/NewsRoomMobile/maventest/src/main/resources
2017-05-30 14:44:06,661 [Worker-307] INFO  o.e.m.c.i.embedder.EclipseLogger - Using 'UTF-8' encoding to copy filtered resources.
2017-05-30 14:44:06,661 [Worker-307] INFO  o.e.m.c.i.embedder.EclipseLogger - skip non existing resourceDirectory /Users/rrazumov/mobile/NewsRoomMobile/maventest/src/test/resources
2017-05-30 14:44:41,664 [Worker-309] INFO  o.e.m.c.i.embedder.EclipseLogger - Using 'UTF-8' encoding to copy filtered resources.
2017-05-30 14:44:41,664 [Worker-309] INFO  o.e.m.c.i.embedder.EclipseLogger - skip non existing resourceDirectory /Users/rrazumov/mobile/NewsRoomMobile/maventest/src/main/resources
2017-05-30 14:44:41,665 [Worker-309] INFO  o.e.m.c.i.embedder.EclipseLogger - Using 'UTF-8' encoding to copy filtered resources.
2017-05-30 14:44:41,665 [Worker-309] INFO  o.e.m.c.i.embedder.EclipseLogger - skip non existing resourceDirectory /Users/rrazumov/mobile/NewsRoomMobile/maventest/src/test/resources
2017-05-30 14:46:14,057 [Worker-308] INFO  o.e.m.c.i.embedder.EclipseLogger - Using 'UTF-8' encoding to copy filtered resources.
2017-05-30 14:46:14,057 [Worker-308] INFO  o.e.m.c.i.embedder.EclipseLogger - skip non existing resourceDirectory /Users/rrazumov/mobile/NewsRoomMobile/maventest/src/main/resources
2017-05-30 14:46:14,057 [Worker-308] INFO  o.e.m.c.i.embedder.EclipseLogger - Using 'UTF-8' encoding to copy filtered resources.
2017-05-30 14:46:14,057 [Worker-308] INFO  o.e.m.c.i.embedder.EclipseLogger - skip non existing resourceDirectory /Users/rrazumov/mobile/NewsRoomMobile/maventest/src/test/resources
2017-05-30 14:48:49,763 [Worker-307] INFO  o.e.m.c.i.embedder.EclipseLogger - Using 'UTF-8' encoding to copy filtered resources.
2017-05-30 14:48:49,764 [Worker-307] INFO  o.e.m.c.i.embedder.EclipseLogger - skip non existing resourceDirectory /Users/rrazumov/mobile/NewsRoomMobile/maventest/src/main/resources
2017-05-30 14:48:49,764 [Worker-307] INFO  o.e.m.c.i.embedder.EclipseLogger - Using 'UTF-8' encoding to copy filtered resources.
2017-05-30 14:48:49,764 [Worker-307] INFO  o.e.m.c.i.embedder.EclipseLogger - skip non existing resourceDirectory /Users/rrazumov/mobile/NewsRoomMobile/maventest/src/test/resources
2017-05-31 10:15:02,749 [Worker-11] INFO  o.e.m.c.i.l.LifecycleMappingFactory - Using org.eclipse.m2e.jdt.JarLifecycleMapping lifecycle mapping for MavenProject: maventest:maventest:0.0.1-SNAPSHOT @ /Users/rrazumov/mobile/NewsRoomMobile/maventest/pom.xml.
2017-05-31 10:15:03,394 [Worker-11] INFO  o.e.m.c.i.embedder.EclipseLogger - Using 'UTF-8' encoding to copy filtered resources.
2017-05-31 10:15:03,394 [Worker-11] INFO  o.e.m.c.i.embedder.EclipseLogger - skip non existing resourceDirectory /Users/rrazumov/mobile/NewsRoomMobile/maventest/src/test/resources
2017-05-31 10:15:03,578 [Worker-16] INFO  o.e.m.c.i.l.LifecycleMappingFactory - Using org.eclipse.m2e.jdt.JarLifecycleMapping lifecycle mapping for MavenProject: maventest:maventest:0.0.1-SNAPSHOT @ /Users/rrazumov/mobile/NewsRoomMobile/maventest/pom.xml.
2017-05-31 10:15:03,793 [Worker-16] INFO  o.e.m.c.i.l.LifecycleMappingFactory - Using org.eclipse.m2e.jdt.JarLifecycleMapping lifecycle mapping for MavenProject: testmaven:testmaven:0.0.1-SNAPSHOT @ /Users/rrazumov/mobile/testmaven/pom.xml.
2017-05-31 10:15:04,153 [Worker-8] INFO  o.e.m.c.i.embedder.EclipseLogger - Using 'UTF-8' encoding to copy filtered resources.
2017-05-31 10:15:04,154 [Worker-8] INFO  o.e.m.c.i.embedder.EclipseLogger - skip non existing resourceDirectory /Users/rrazumov/mobile/NewsRoomMobile/maventest/src/main/resources
2017-05-31 10:15:04,155 [Worker-8] INFO  o.e.m.c.i.embedder.EclipseLogger - Using 'UTF-8' encoding to copy filtered resources.
2017-05-31 10:15:04,155 [Worker-8] INFO  o.e.m.c.i.embedder.EclipseLogger - skip non existing resourceDirectory /Users/rrazumov/mobile/NewsRoomMobile/maventest/src/test/resources
2017-05-31 10:15:04,168 [Worker-8] INFO  o.e.m.c.i.embedder.EclipseLogger - Using 'UTF-8' encoding to copy filtered resources.
2017-05-31 10:15:04,168 [Worker-8] INFO  o.e.m.c.i.embedder.EclipseLogger - skip non existing resourceDirectory /Users/rrazumov/mobile/testmaven/src/main/resources
2017-05-31 10:15:04,169 [Worker-8] INFO  o.e.m.c.i.embedder.EclipseLogger - Using 'UTF-8' encoding to copy filtered resources.
2017-05-31 10:15:04,169 [Worker-8] INFO  o.e.m.c.i.embedder.EclipseLogger - skip non existing resourceDirectory /Users/rrazumov/mobile/testmaven/src/test/resources
2017-05-31 10:26:54,702 [Worker-0] INFO  o.e.m.c.i.embedder.EclipseLogger - Using 'UTF-8' encoding to copy filtered resources.
2017-05-31 10:26:54,705 [Worker-0] INFO  o.e.m.c.i.embedder.EclipseLogger - skip non existing resourceDirectory /Users/rrazumov/mobile/NewsRoomMobile/maventest/src/main/resources
2017-05-31 10:26:54,707 [Worker-0] INFO  o.e.m.c.i.embedder.EclipseLogger - Using 'UTF-8' encoding to copy filtered resources.
2017-05-31 10:26:54,707 [Worker-0] INFO  o.e.m.c.i.embedder.EclipseLogger - skip non existing resourceDirectory /Users/rrazumov/mobile/NewsRoomMobile/maventest/src/test/resources
2017-05-31 10:42:25,267 [Worker-8] INFO  o.e.m.c.i.embedder.EclipseLogger - Using 'UTF-8' encoding to copy filtered resources.
2017-05-31 10:42:25,270 [Worker-8] INFO  o.e.m.c.i.embedder.EclipseLogger - skip non existing resourceDirectory /Users/rrazumov/mobile/NewsRoomMobile/maventest/src/main/resources
2017-05-31 10:42:25,272 [Worker-8] INFO  o.e.m.c.i.embedder.EclipseLogger - Using 'UTF-8' encoding to copy filtered resources.
2017-05-31 10:42:25,272 [Worker-8] INFO  o.e.m.c.i.embedder.EclipseLogger - skip non existing resourceDirectory /Users/rrazumov/mobile/NewsRoomMobile/maventest/src/test/resources
2017-05-31 10:42:25,586 [Worker-8] INFO  o.e.m.c.i.embedder.EclipseLogger - Using 'UTF-8' encoding to copy filtered resources.
2017-05-31 10:42:25,586 [Worker-8] INFO  o.e.m.c.i.embedder.EclipseLogger - skip non existing resourceDirectory /Users/rrazumov/mobile/testmaven/src/main/resources
2017-05-31 10:42:25,587 [Worker-8] INFO  o.e.m.c.i.embedder.EclipseLogger - Using 'UTF-8' encoding to copy filtered resources.
2017-05-31 10:42:25,588 [Worker-8] INFO  o.e.m.c.i.embedder.EclipseLogger - skip non existing resourceDirectory /Users/rrazumov/mobile/testmaven/src/test/resources
2017-05-31 11:14:24,211 [Worker-10] INFO  o.e.m.c.i.embedder.EclipseLogger - Using 'UTF-8' encoding to copy filtered resources.
2017-05-31 11:14:24,217 [Worker-10] INFO  o.e.m.c.i.embedder.EclipseLogger - skip non existing resourceDirectory /Users/rrazumov/mobile/NewsRoomMobile/maventest/src/main/resources
2017-05-31 11:14:24,219 [Worker-10] INFO  o.e.m.c.i.embedder.EclipseLogger - Using 'UTF-8' encoding to copy filtered resources.
2017-05-31 11:14:24,220 [Worker-10] INFO  o.e.m.c.i.embedder.EclipseLogger - skip non existing resourceDirectory /Users/rrazumov/mobile/NewsRoomMobile/maventest/src/test/resources
2017-05-31 11:14:24,475 [Worker-10] INFO  o.e.m.c.i.embedder.EclipseLogger - Using 'UTF-8' encoding to copy filtered resources.
2017-05-31 11:14:24,476 [Worker-10] INFO  o.e.m.c.i.embedder.EclipseLogger - skip non existing resourceDirectory /Users/rrazumov/mobile/testmaven/src/main/resources
2017-05-31 11:14:24,477 [Worker-10] INFO  o.e.m.c.i.embedder.EclipseLogger - Using 'UTF-8' encoding to copy filtered resources.
2017-05-31 11:14:24,477 [Worker-10] INFO  o.e.m.c.i.embedder.EclipseLogger - skip non existing resourceDirectory /Users/rrazumov/mobile/testmaven/src/test/resources
2017-06-06 11:18:32,975 [Worker-12] INFO  o.e.m.c.i.embedder.EclipseLogger - Using 'UTF-8' encoding to copy filtered resources.
2017-06-06 11:18:32,978 [Worker-12] INFO  o.e.m.c.i.embedder.EclipseLogger - skip non existing resourceDirectory /Users/rrazumov/mobile/NewsRoomMobile/maventest/src/main/resources
2017-06-06 11:18:32,980 [Worker-12] INFO  o.e.m.c.i.embedder.EclipseLogger - Using 'UTF-8' encoding to copy filtered resources.
2017-06-06 11:18:32,980 [Worker-12] INFO  o.e.m.c.i.embedder.EclipseLogger - skip non existing resourceDirectory /Users/rrazumov/mobile/NewsRoomMobile/maventest/src/test/resources
2017-06-06 11:18:33,280 [Worker-12] INFO  o.e.m.c.i.embedder.EclipseLogger - Using 'UTF-8' encoding to copy filtered resources.
2017-06-06 11:18:33,280 [Worker-12] INFO  o.e.m.c.i.embedder.EclipseLogger - skip non existing resourceDirectory /Users/rrazumov/mobile/testmaven/src/main/resources
2017-06-06 11:18:33,281 [Worker-12] INFO  o.e.m.c.i.embedder.EclipseLogger - Using 'UTF-8' encoding to copy filtered resources.
2017-06-06 11:18:33,281 [Worker-12] INFO  o.e.m.c.i.embedder.EclipseLogger - skip non existing resourceDirectory /Users/rrazumov/mobile/testmaven/src/test/resources
2017-06-06 11:31:53,946 [Worker-16] INFO  o.e.m.c.i.embedder.EclipseLogger - Using 'UTF-8' encoding to copy filtered resources.
2017-06-06 11:31:53,949 [Worker-16] INFO  o.e.m.c.i.embedder.EclipseLogger - skip non existing resourceDirectory /Users/rrazumov/mobile/testmaven/src/main/resources
2017-06-06 11:31:53,950 [Worker-16] INFO  o.e.m.c.i.embedder.EclipseLogger - Using 'UTF-8' encoding to copy filtered resources.
2017-06-06 11:31:53,950 [Worker-16] INFO  o.e.m.c.i.embedder.EclipseLogger - skip non existing resourceDirectory /Users/rrazumov/mobile/testmaven/src/test/resources
